#
# A fatal error has been detected by the Java Runtime Environment:
#
#  SIGSEGV (0xb) at pc=0x00000001081c9787, pid=13041, tid=775
#
# JRE version: Java(TM) SE Runtime Environment (12.0.1+12) (build 12.0.1+12)
# Java VM: Java HotSpot(TM) 64-Bit Server VM (12.0.1+12, mixed mode, sharing, tiered, compressed oops, g1 gc, bsd-amd64)
# Problematic frame:
# V  [libjvm.dylib+0x3c9787]  jni_IsSameObject+0x40
#
# No core dump will be written. Core dumps have been disabled. To enable core dumping, try "ulimit -c unlimited" before starting Java again
#
# If you would like to submit a bug report, please visit:
#   http://bugreport.java.com/bugreport/crash.jsp
#

---------------  S U M M A R Y ------------

Command Line: --module-path=/Users/arti/Documents/GitHub/Craigslist Notifier/CraigslistNotifier/javafx-mac/lib --add-modules=javafx.controls,javafx.fxml -Dfile.encoding=UTF-8 UpdatedGUI

Host: MacBookPro15,2 x86_64 2300 MHz, 8 cores, 8G, Darwin 19.0.0
Time: Tue Dec  3 20:46:42 2019 EST elapsed time: 64 seconds (0d 0h 1m 4s)

---------------  T H R E A D  ---------------

Current thread is native thread

Stack: [0x00007ffee8822000,0x00007ffee9022000],  sp=0x00007ffee901df70,  free space=8175k
Native frames: (J=compiled Java code, A=aot compiled Java code, j=interpreted, Vv=VM code, C=native code)
V  [libjvm.dylib+0x3c9787]  jni_IsSameObject+0x40
C  [JavaNativeFoundation+0x6f07]  -[JNFWeakJObjectWrapper _getWithEnv:]+0x1b
C  [JavaNativeFoundation+0x6d4c]  -[JNFJObjectWrapper jObjectWithEnv:]+0x16
C  [libawt_lwawt.dylib+0x1b00a]  -[CGLLayer drawInCGLContext:pixelFormat:forLayerTime:displayTime:]+0xa1
C  [QuartzCore+0xa8365]  CAOpenGLLayerDraw(CAOpenGLLayer*, double, CVTimeStamp const*, unsigned int)+0x7ba
C  [QuartzCore+0xa7950]  -[CAOpenGLLayer _display]+0x244
C  [QuartzCore+0x13ea5]  CA::Layer::display_if_needed(CA::Transaction*)+0x2e3
C  [QuartzCore+0x138406]  CA::Context::commit_transaction(CA::Transaction*, double)+0x14e
C  [QuartzCore+0x275e]  CA::Transaction::commit()+0x27e
C  [QuartzCore+0x2432]  CA::Transaction::observer_callback(__CFRunLoopObserver*, unsigned long, void*)+0x42
C  [CoreFoundation+0x9766e]  __CFRUNLOOP_IS_CALLING_OUT_TO_AN_OBSERVER_CALLBACK_FUNCTION__+0x17
C  [CoreFoundation+0x97594]  __CFRunLoopDoObservers+0x1c9
C  [CoreFoundation+0x3a852]  __CFRunLoopRun+0x5ea
C  [CoreFoundation+0x39fe3]  CFRunLoopRunSpecific+0x1f3
C  [libjli.dylib+0x6444]  CreateExecutionEnvironment+0x190
C  [libjli.dylib+0x25b7]  JLI_Launch+0x51f
C  [java+0xca9]  main+0x16f
C  [libdyld.dylib+0x112e5]  start+0x1


siginfo: si_signo: 11 (SIGSEGV), si_code: 1 (SEGV_MAPERR), si_addr: 0x00000000000003a8

Register to memory mapping:

RAX=
[error occurred during error reporting (printing register info), id 0xb, SIGSEGV (0xb) at pc=0x00000001084eafa6]

Registers:
RAX=0x000000000000dead, RBX=0x0000000000000000, RCX=0x000000010b173dc0, RDX=0x0000000000000000
RSP=0x00007ffee901df70, RBP=0x00007ffee901dfa0, RSI=0x00007feedf266e49, RDI=0x00007feeda1f4000
R8 =0x0000000000000000, R9 =0x00000000000003e8, R10=0x00007fff91fb4250, R11=0x00007fff3d118eec
R12=0x00007feeda1f4330, R13=0x00007feee1adb8d0, R14=0x0000000000000000, R15=0x00007feedf266e49
RIP=0x00000001081c9787, EFLAGS=0x0000000000010246, ERR=0x0000000000000006
  TRAPNO=0x000000000000000e

Top of Stack: (sp=0x00007ffee901df70)
0x00007ffee901df70:   00007feee1cbf1b0 0000000000000000
0x00007ffee901df80:   00007feee1adb2c0 00007feee17f3800
0x00007ffee901df90:   00007fff6ea59040 00007feedf0fb750
0x00007ffee901dfa0:   00007ffee901dfc0 00007fff3d118f07
0x00007ffee901dfb0:   00007feee1adb2c0 00007feeda1f4330
0x00007ffee901dfc0:   00007ffee901dfe0 00007fff3d118d4c
0x00007ffee901dfd0:   00007feee1adb2c0 00007feeda1f4330
0x00007ffee901dfe0:   00007ffee901e040 0000000131a6600a
0x00007ffee901dff0:   00007feee17f3800 00007feee1adb910
0x00007ffee901e000:   00007feee1adb8d0 0000000000000000
0x00007ffee901e010:   40f8574adbc97939 00007fff6ea59040
0x00007ffee901e020:   00007feee1adb910 00007feee1adb8d0
0x00007ffee901e030:   00007feee1adb8d0 00007feedf4003f0
0x00007ffee901e040:   00007ffee901e100 00007fff441dc365
0x00007ffee901e050:   00007ffee901e0c0 0000000000000000
0x00007ffee901e060:   0000000000000000 00007feee1adb8d0
0x00007ffee901e070:   0000000000000000 0000000400000000
0x00007ffee901e080:   00007feed976cc00 0000000000000000
0x00007ffee901e090:   40f8574adbc97939 00007feee1adb8d0
0x00007ffee901e0a0:   0000000000000004 0000000000000000
0x00007ffee901e0b0:   0000000000000000 00007ffee901e0d8
0x00007ffee901e0c0:   00007ffe00000000 00007fff441dbb72
0x00007ffee901e0d0:   0ffb2d30b77f0026 00007fff6ea59040
0x00007ffee901e0e0:   0000000000000004 0000000000000000
0x00007ffee901e0f0:   00007feee1adb8d0 00007fff79d5d2d2
0x00007ffee901e100:   00007ffee901e180 00007fff441db950
0x00007ffee901e110:   00007feed9595068 4083a00000000000
0x00007ffee901e120:   407f400000000000 4000000000000000
0x00007ffee901e130:   0000000000000000 0000000000000000
0x00007ffee901e140:   407f400000000000 4083a00000000000
0x00007ffee901e150:   0ffb2d30b77f0026 00007ffee901e260
0x00007ffee901e160:   00007fff79e75fd2 00007feedb602d40 

Instructions: (pc=0x00000001081c9787)
0x00000001081c9767:   b8 55 21 ff ff 41 03 84 24 90 00 00 00 83 f8 02
0x00000001081c9777:   72 0a 48 89 df e8 df 9f 31 00 31 db 48 89 5d d8
0x00000001081c9787:   c7 83 a8 03 00 00 05 00 00 00 f0 83 04 24 00 48
0x00000001081c9797:   8d 05 e3 41 5a 00 83 38 01 75 1a 48 8b 03 48 89 

Stack slot to memory mapping:
stack at sp + 0 slots: 
[error occurred during error reporting (inspecting top of stack), id 0xb, SIGSEGV (0xb) at pc=0x00000001084eafa6]


---------------  P R O C E S S  ---------------

VM state:not at safepoint (normal execution)

VM Mutex/Monitor currently owned by a thread: None

Heap address: 0x0000000780000000, size: 2048 MB, Compressed Oops mode: Zero based, Oop shift amount: 3
Narrow klass base: 0x0000000800000000, Narrow klass shift: 3
Compressed class space size: 1073741824 Address: 0x00000008010fa000

Heap:
 garbage-first heap   total 188416K, used 120101K [0x0000000780000000, 0x0000000800000000)
  region size 1024K, 15 young (15360K), 3 survivors (3072K)
 Metaspace       used 34468K, capacity 35633K, committed 35968K, reserved 1081344K
  class space    used 4244K, capacity 4734K, committed 4736K, reserved 1048576K
Heap Regions: E=young(eden), S=young(survivor), O=old, HS=humongous(starts), HC=humongous(continues), CS=collection set, F=free, A=archive, TAMS=top-at-mark-start (previous, next)
|   0|0x0000000780000000, 0x000000078009dc00, 0x0000000780100000| 61%| O|  |TAMS 0x000000078009dc00, 0x0000000780000000| Untracked 
|   1|0x0000000780100000, 0x0000000780200000, 0x0000000780200000|100%|HS|  |TAMS 0x0000000780200000, 0x0000000780100000| Complete 
|   2|0x0000000780200000, 0x0000000780300000, 0x0000000780300000|100%|HC|  |TAMS 0x0000000780300000, 0x0000000780200000| Complete 
|   3|0x0000000780300000, 0x0000000780400000, 0x0000000780400000|100%| O|  |TAMS 0x0000000780400000, 0x0000000780300000| Untracked 
|   4|0x0000000780400000, 0x0000000780500000, 0x0000000780500000|100%| O|  |TAMS 0x0000000780500000, 0x0000000780400000| Untracked 
|   5|0x0000000780500000, 0x0000000780600000, 0x0000000780600000|100%| O|  |TAMS 0x0000000780600000, 0x0000000780500000| Untracked 
|   6|0x0000000780600000, 0x0000000780700000, 0x0000000780700000|100%| O|  |TAMS 0x0000000780700000, 0x0000000780600000| Untracked 
|   7|0x0000000780700000, 0x0000000780800000, 0x0000000780800000|100%| O|  |TAMS 0x0000000780800000, 0x0000000780700000| Untracked 
|   8|0x0000000780800000, 0x0000000780900000, 0x0000000780900000|100%| O|  |TAMS 0x0000000780900000, 0x0000000780800000| Untracked 
|   9|0x0000000780900000, 0x0000000780a00000, 0x0000000780a00000|100%| O|  |TAMS 0x0000000780a00000, 0x0000000780900000| Untracked 
|  10|0x0000000780a00000, 0x0000000780b00000, 0x0000000780b00000|100%| O|  |TAMS 0x0000000780b00000, 0x0000000780a00000| Untracked 
|  11|0x0000000780b00000, 0x0000000780c00000, 0x0000000780c00000|100%| O|  |TAMS 0x0000000780c00000, 0x0000000780b00000| Untracked 
|  12|0x0000000780c00000, 0x0000000780d00000, 0x0000000780d00000|100%| O|  |TAMS 0x0000000780d00000, 0x0000000780c00000| Untracked 
|  13|0x0000000780d00000, 0x0000000780e00000, 0x0000000780e00000|100%| O|  |TAMS 0x0000000780e00000, 0x0000000780d00000| Untracked 
|  14|0x0000000780e00000, 0x0000000780f00000, 0x0000000780f00000|100%| O|  |TAMS 0x0000000780f00000, 0x0000000780e00000| Untracked 
|  15|0x0000000780f00000, 0x0000000781000000, 0x0000000781000000|100%| O|  |TAMS 0x0000000781000000, 0x0000000780f00000| Untracked 
|  16|0x0000000781000000, 0x0000000781100000, 0x0000000781100000|100%| O|  |TAMS 0x0000000781100000, 0x0000000781000000| Untracked 
|  17|0x0000000781100000, 0x0000000781200000, 0x0000000781200000|100%| O|  |TAMS 0x0000000781200000, 0x0000000781100000| Untracked 
|  18|0x0000000781200000, 0x0000000781300000, 0x0000000781300000|100%| O|  |TAMS 0x0000000781300000, 0x0000000781200000| Untracked 
|  19|0x0000000781300000, 0x0000000781400000, 0x0000000781400000|100%| O|  |TAMS 0x0000000781400000, 0x0000000781300000| Untracked 
|  20|0x0000000781400000, 0x0000000781500000, 0x0000000781500000|100%| O|  |TAMS 0x0000000781500000, 0x0000000781400000| Untracked 
|  21|0x0000000781500000, 0x0000000781600000, 0x0000000781600000|100%| O|  |TAMS 0x0000000781600000, 0x0000000781500000| Untracked 
|  22|0x0000000781600000, 0x0000000781700000, 0x0000000781700000|100%| O|  |TAMS 0x0000000781700000, 0x0000000781600000| Untracked 
|  23|0x0000000781700000, 0x0000000781800000, 0x0000000781800000|100%| O|  |TAMS 0x0000000781800000, 0x0000000781700000| Untracked 
|  24|0x0000000781800000, 0x0000000781900000, 0x0000000781900000|100%| O|  |TAMS 0x0000000781900000, 0x0000000781800000| Untracked 
|  25|0x0000000781900000, 0x0000000781a00000, 0x0000000781a00000|100%| O|  |TAMS 0x0000000781a00000, 0x0000000781900000| Untracked 
|  26|0x0000000781a00000, 0x0000000781b00000, 0x0000000781b00000|100%| O|  |TAMS 0x0000000781b00000, 0x0000000781a00000| Untracked 
|  27|0x0000000781b00000, 0x0000000781c00000, 0x0000000781c00000|100%| O|  |TAMS 0x0000000781c00000, 0x0000000781b00000| Untracked 
|  28|0x0000000781c00000, 0x0000000781d00000, 0x0000000781d00000|100%| O|  |TAMS 0x0000000781d00000, 0x0000000781c00000| Untracked 
|  29|0x0000000781d00000, 0x0000000781e00000, 0x0000000781e00000|100%| O|  |TAMS 0x0000000781e00000, 0x0000000781d00000| Untracked 
|  30|0x0000000781e00000, 0x0000000781f00000, 0x0000000781f00000|100%| O|  |TAMS 0x0000000781f00000, 0x0000000781e00000| Untracked 
|  31|0x0000000781f00000, 0x0000000782000000, 0x0000000782000000|100%| O|  |TAMS 0x0000000782000000, 0x0000000781f00000| Untracked 
|  32|0x0000000782000000, 0x0000000782100000, 0x0000000782100000|100%| O|  |TAMS 0x0000000782100000, 0x0000000782000000| Untracked 
|  33|0x0000000782100000, 0x0000000782200000, 0x0000000782200000|100%| O|  |TAMS 0x0000000782200000, 0x0000000782100000| Untracked 
|  34|0x0000000782200000, 0x0000000782300000, 0x0000000782300000|100%| O|  |TAMS 0x0000000782300000, 0x0000000782200000| Untracked 
|  35|0x0000000782300000, 0x0000000782400000, 0x0000000782400000|100%| O|  |TAMS 0x0000000782400000, 0x0000000782300000| Untracked 
|  36|0x0000000782400000, 0x0000000782500000, 0x0000000782500000|100%| O|  |TAMS 0x0000000782500000, 0x0000000782400000| Untracked 
|  37|0x0000000782500000, 0x0000000782600000, 0x0000000782600000|100%| O|  |TAMS 0x0000000782600000, 0x0000000782500000| Untracked 
|  38|0x0000000782600000, 0x0000000782700000, 0x0000000782700000|100%| O|  |TAMS 0x0000000782700000, 0x0000000782600000| Untracked 
|  39|0x0000000782700000, 0x0000000782800000, 0x0000000782800000|100%| O|  |TAMS 0x0000000782800000, 0x0000000782700000| Untracked 
|  40|0x0000000782800000, 0x0000000782900000, 0x0000000782900000|100%| O|  |TAMS 0x0000000782900000, 0x0000000782800000| Untracked 
|  41|0x0000000782900000, 0x0000000782a00000, 0x0000000782a00000|100%| O|  |TAMS 0x0000000782a00000, 0x0000000782900000| Untracked 
|  42|0x0000000782a00000, 0x0000000782b00000, 0x0000000782b00000|100%| O|  |TAMS 0x0000000782b00000, 0x0000000782a00000| Untracked 
|  43|0x0000000782b00000, 0x0000000782c00000, 0x0000000782c00000|100%| O|  |TAMS 0x0000000782c00000, 0x0000000782b00000| Untracked 
|  44|0x0000000782c00000, 0x0000000782d00000, 0x0000000782d00000|100%| O|  |TAMS 0x0000000782d00000, 0x0000000782c00000| Untracked 
|  45|0x0000000782d00000, 0x0000000782e00000, 0x0000000782e00000|100%| O|  |TAMS 0x0000000782e00000, 0x0000000782d00000| Untracked 
|  46|0x0000000782e00000, 0x0000000782f00000, 0x0000000782f00000|100%| O|  |TAMS 0x0000000782f00000, 0x0000000782e00000| Untracked 
|  47|0x0000000782f00000, 0x0000000783000000, 0x0000000783000000|100%| O|  |TAMS 0x0000000783000000, 0x0000000782f00000| Untracked 
|  48|0x0000000783000000, 0x0000000783100000, 0x0000000783100000|100%| O|  |TAMS 0x0000000783100000, 0x0000000783000000| Untracked 
|  49|0x0000000783100000, 0x0000000783200000, 0x0000000783200000|100%| O|  |TAMS 0x0000000783200000, 0x0000000783100000| Untracked 
|  50|0x0000000783200000, 0x0000000783300000, 0x0000000783300000|100%| O|  |TAMS 0x0000000783300000, 0x0000000783200000| Untracked 
|  51|0x0000000783300000, 0x0000000783400000, 0x0000000783400000|100%| O|  |TAMS 0x0000000783400000, 0x0000000783300000| Untracked 
|  52|0x0000000783400000, 0x0000000783500000, 0x0000000783500000|100%| O|  |TAMS 0x0000000783500000, 0x0000000783400000| Untracked 
|  53|0x0000000783500000, 0x0000000783600000, 0x0000000783600000|100%| O|  |TAMS 0x0000000783600000, 0x0000000783500000| Untracked 
|  54|0x0000000783600000, 0x0000000783700000, 0x0000000783700000|100%| O|  |TAMS 0x0000000783700000, 0x0000000783600000| Untracked 
|  55|0x0000000783700000, 0x0000000783800000, 0x0000000783800000|100%| O|  |TAMS 0x0000000783800000, 0x0000000783700000| Untracked 
|  56|0x0000000783800000, 0x0000000783900000, 0x0000000783900000|100%| O|  |TAMS 0x0000000783900000, 0x0000000783800000| Untracked 
|  57|0x0000000783900000, 0x0000000783a00000, 0x0000000783a00000|100%| O|  |TAMS 0x0000000783a00000, 0x0000000783900000| Untracked 
|  58|0x0000000783a00000, 0x0000000783b00000, 0x0000000783b00000|100%| O|  |TAMS 0x0000000783b00000, 0x0000000783a00000| Untracked 
|  59|0x0000000783b00000, 0x0000000783c00000, 0x0000000783c00000|100%| O|  |TAMS 0x0000000783c00000, 0x0000000783b00000| Untracked 
|  60|0x0000000783c00000, 0x0000000783d00000, 0x0000000783d00000|100%| O|  |TAMS 0x0000000783d00000, 0x0000000783c00000| Untracked 
|  61|0x0000000783d00000, 0x0000000783e00000, 0x0000000783e00000|100%| O|  |TAMS 0x0000000783e00000, 0x0000000783d00000| Untracked 
|  62|0x0000000783e00000, 0x0000000783f00000, 0x0000000783f00000|100%| O|  |TAMS 0x0000000783f00000, 0x0000000783e00000| Untracked 
|  63|0x0000000783f00000, 0x0000000784000000, 0x0000000784000000|100%| O|  |TAMS 0x0000000784000000, 0x0000000783f00000| Untracked 
|  64|0x0000000784000000, 0x0000000784100000, 0x0000000784100000|100%| O|  |TAMS 0x0000000784100000, 0x0000000784000000| Untracked 
|  65|0x0000000784100000, 0x0000000784200000, 0x0000000784200000|100%| O|  |TAMS 0x0000000784200000, 0x0000000784100000| Untracked 
|  66|0x0000000784200000, 0x0000000784300000, 0x0000000784300000|100%| O|  |TAMS 0x0000000784300000, 0x0000000784200000| Untracked 
|  67|0x0000000784300000, 0x0000000784400000, 0x0000000784400000|100%| O|  |TAMS 0x0000000784400000, 0x0000000784300000| Untracked 
|  68|0x0000000784400000, 0x0000000784500000, 0x0000000784500000|100%| O|  |TAMS 0x0000000784500000, 0x0000000784400000| Untracked 
|  69|0x0000000784500000, 0x0000000784600000, 0x0000000784600000|100%| O|  |TAMS 0x0000000784600000, 0x0000000784500000| Untracked 
|  70|0x0000000784600000, 0x0000000784700000, 0x0000000784700000|100%| O|  |TAMS 0x0000000784700000, 0x0000000784600000| Untracked 
|  71|0x0000000784700000, 0x0000000784800000, 0x0000000784800000|100%| O|  |TAMS 0x0000000784800000, 0x0000000784700000| Untracked 
|  72|0x0000000784800000, 0x0000000784900000, 0x0000000784900000|100%| O|  |TAMS 0x0000000784900000, 0x0000000784800000| Untracked 
|  73|0x0000000784900000, 0x0000000784a00000, 0x0000000784a00000|100%| O|  |TAMS 0x0000000784a00000, 0x0000000784900000| Untracked 
|  74|0x0000000784a00000, 0x0000000784b00000, 0x0000000784b00000|100%| O|  |TAMS 0x0000000784b00000, 0x0000000784a00000| Untracked 
|  75|0x0000000784b00000, 0x0000000784c00000, 0x0000000784c00000|100%| O|  |TAMS 0x0000000784c00000, 0x0000000784b00000| Untracked 
|  76|0x0000000784c00000, 0x0000000784d00000, 0x0000000784d00000|100%| O|  |TAMS 0x0000000784d00000, 0x0000000784c00000| Untracked 
|  77|0x0000000784d00000, 0x0000000784e00000, 0x0000000784e00000|100%| O|  |TAMS 0x0000000784e00000, 0x0000000784d00000| Untracked 
|  78|0x0000000784e00000, 0x0000000784f00000, 0x0000000784f00000|100%| O|  |TAMS 0x0000000784f00000, 0x0000000784e00000| Untracked 
|  79|0x0000000784f00000, 0x0000000785000000, 0x0000000785000000|100%| O|  |TAMS 0x0000000785000000, 0x0000000784f00000| Untracked 
|  80|0x0000000785000000, 0x0000000785100000, 0x0000000785100000|100%| O|  |TAMS 0x0000000785100000, 0x0000000785000000| Untracked 
|  81|0x0000000785100000, 0x0000000785200000, 0x0000000785200000|100%| O|  |TAMS 0x0000000785200000, 0x0000000785100000| Untracked 
|  82|0x0000000785200000, 0x0000000785300000, 0x0000000785300000|100%| O|  |TAMS 0x0000000785300000, 0x0000000785200000| Untracked 
|  83|0x0000000785300000, 0x0000000785400000, 0x0000000785400000|100%| O|  |TAMS 0x0000000785400000, 0x0000000785300000| Untracked 
|  84|0x0000000785400000, 0x0000000785500000, 0x0000000785500000|100%| O|  |TAMS 0x0000000785500000, 0x0000000785400000| Untracked 
|  85|0x0000000785500000, 0x0000000785600000, 0x0000000785600000|100%| O|  |TAMS 0x0000000785600000, 0x0000000785500000| Untracked 
|  86|0x0000000785600000, 0x0000000785700000, 0x0000000785700000|100%| O|  |TAMS 0x0000000785700000, 0x0000000785600000| Untracked 
|  87|0x0000000785700000, 0x0000000785800000, 0x0000000785800000|100%| O|  |TAMS 0x0000000785800000, 0x0000000785700000| Untracked 
|  88|0x0000000785800000, 0x0000000785900000, 0x0000000785900000|100%| O|  |TAMS 0x0000000785900000, 0x0000000785800000| Untracked 
|  89|0x0000000785900000, 0x0000000785a00000, 0x0000000785a00000|100%| O|  |TAMS 0x0000000785a00000, 0x0000000785900000| Untracked 
|  90|0x0000000785a00000, 0x0000000785b00000, 0x0000000785b00000|100%| O|  |TAMS 0x0000000785b00000, 0x0000000785a00000| Untracked 
|  91|0x0000000785b00000, 0x0000000785c00000, 0x0000000785c00000|100%| O|  |TAMS 0x0000000785c00000, 0x0000000785b00000| Untracked 
|  92|0x0000000785c00000, 0x0000000785d00000, 0x0000000785d00000|100%| O|  |TAMS 0x0000000785d00000, 0x0000000785c00000| Untracked 
|  93|0x0000000785d00000, 0x0000000785e00000, 0x0000000785e00000|100%| O|  |TAMS 0x0000000785e00000, 0x0000000785d00000| Untracked 
|  94|0x0000000785e00000, 0x0000000785f00000, 0x0000000785f00000|100%| O|  |TAMS 0x0000000785e68800, 0x0000000785e00000| Untracked 
|  95|0x0000000785f00000, 0x0000000786000000, 0x0000000786000000|100%| O|  |TAMS 0x0000000785f00000, 0x0000000785f00000| Untracked 
|  96|0x0000000786000000, 0x0000000786100000, 0x0000000786100000|100%| O|  |TAMS 0x0000000786000000, 0x0000000786000000| Untracked 
|  97|0x0000000786100000, 0x0000000786200000, 0x0000000786200000|100%| O|  |TAMS 0x0000000786100000, 0x0000000786100000| Untracked 
|  98|0x0000000786200000, 0x0000000786300000, 0x0000000786300000|100%| O|  |TAMS 0x0000000786200000, 0x0000000786200000| Untracked 
|  99|0x0000000786300000, 0x0000000786400000, 0x0000000786400000|100%| O|  |TAMS 0x0000000786300000, 0x0000000786300000| Untracked 
| 100|0x0000000786400000, 0x0000000786500000, 0x0000000786500000|100%| O|  |TAMS 0x0000000786400000, 0x0000000786400000| Untracked 
| 101|0x0000000786500000, 0x0000000786600000, 0x0000000786600000|100%| O|  |TAMS 0x0000000786500000, 0x0000000786500000| Untracked 
| 102|0x0000000786600000, 0x00000007866f5800, 0x0000000786700000| 95%| O|  |TAMS 0x0000000786600000, 0x0000000786600000| Untracked 
| 103|0x0000000786700000, 0x0000000786700000, 0x0000000786800000|  0%| F|  |TAMS 0x0000000786700000, 0x0000000786700000| Untracked 
| 104|0x0000000786800000, 0x0000000786800000, 0x0000000786900000|  0%| F|  |TAMS 0x0000000786800000, 0x0000000786800000| Untracked 
| 105|0x0000000786900000, 0x0000000786900000, 0x0000000786a00000|  0%| F|  |TAMS 0x0000000786900000, 0x0000000786900000| Untracked 
| 106|0x0000000786a00000, 0x0000000786a00000, 0x0000000786b00000|  0%| F|  |TAMS 0x0000000786a00000, 0x0000000786a00000| Untracked 
| 107|0x0000000786b00000, 0x0000000786b00000, 0x0000000786c00000|  0%| F|  |TAMS 0x0000000786b00000, 0x0000000786b00000| Untracked 
| 108|0x0000000786c00000, 0x0000000786c00000, 0x0000000786d00000|  0%| F|  |TAMS 0x0000000786c00000, 0x0000000786c00000| Untracked 
| 109|0x0000000786d00000, 0x0000000786d00000, 0x0000000786e00000|  0%| F|  |TAMS 0x0000000786d00000, 0x0000000786d00000| Untracked 
| 110|0x0000000786e00000, 0x0000000786e00000, 0x0000000786f00000|  0%| F|  |TAMS 0x0000000786e00000, 0x0000000786e00000| Untracked 
| 111|0x0000000786f00000, 0x0000000786f00000, 0x0000000787000000|  0%| F|  |TAMS 0x0000000786f00000, 0x0000000786f00000| Untracked 
| 112|0x0000000787000000, 0x0000000787000000, 0x0000000787100000|  0%| F|  |TAMS 0x0000000787000000, 0x0000000787000000| Untracked 
| 113|0x0000000787100000, 0x0000000787100000, 0x0000000787200000|  0%| F|  |TAMS 0x0000000787100000, 0x0000000787100000| Untracked 
| 114|0x0000000787200000, 0x0000000787200000, 0x0000000787300000|  0%| F|  |TAMS 0x0000000787200000, 0x0000000787200000| Untracked 
| 115|0x0000000787300000, 0x0000000787300000, 0x0000000787400000|  0%| F|  |TAMS 0x0000000787300000, 0x0000000787300000| Untracked 
| 116|0x0000000787400000, 0x0000000787400000, 0x0000000787500000|  0%| F|  |TAMS 0x0000000787400000, 0x0000000787400000| Untracked 
| 117|0x0000000787500000, 0x0000000787500000, 0x0000000787600000|  0%| F|  |TAMS 0x0000000787500000, 0x0000000787500000| Untracked 
| 118|0x0000000787600000, 0x0000000787600000, 0x0000000787700000|  0%| F|  |TAMS 0x0000000787600000, 0x0000000787600000| Untracked 
| 119|0x0000000787700000, 0x0000000787700000, 0x0000000787800000|  0%| F|  |TAMS 0x0000000787700000, 0x0000000787700000| Untracked 
| 120|0x0000000787800000, 0x0000000787800000, 0x0000000787900000|  0%| F|  |TAMS 0x0000000787800000, 0x0000000787800000| Untracked 
| 121|0x0000000787900000, 0x0000000787900000, 0x0000000787a00000|  0%| F|  |TAMS 0x0000000787900000, 0x0000000787900000| Untracked 
| 122|0x0000000787a00000, 0x0000000787a00000, 0x0000000787b00000|  0%| F|  |TAMS 0x0000000787a00000, 0x0000000787a00000| Untracked 
| 123|0x0000000787b00000, 0x0000000787b00000, 0x0000000787c00000|  0%| F|  |TAMS 0x0000000787b00000, 0x0000000787b00000| Untracked 
| 124|0x0000000787c00000, 0x0000000787c00000, 0x0000000787d00000|  0%| F|  |TAMS 0x0000000787c00000, 0x0000000787c00000| Untracked 
| 125|0x0000000787d00000, 0x0000000787d00000, 0x0000000787e00000|  0%| F|  |TAMS 0x0000000787d00000, 0x0000000787d00000| Untracked 
| 126|0x0000000787e00000, 0x0000000787e00000, 0x0000000787f00000|  0%| F|  |TAMS 0x0000000787e00000, 0x0000000787e00000| Untracked 
| 127|0x0000000787f00000, 0x0000000787f00000, 0x0000000788000000|  0%| F|  |TAMS 0x0000000787f00000, 0x0000000787f00000| Untracked 
| 128|0x0000000788000000, 0x0000000788000000, 0x0000000788100000|  0%| F|  |TAMS 0x0000000788000000, 0x0000000788000000| Untracked 
| 129|0x0000000788100000, 0x0000000788100000, 0x0000000788200000|  0%| F|  |TAMS 0x0000000788100000, 0x0000000788100000| Untracked 
| 130|0x0000000788200000, 0x0000000788200000, 0x0000000788300000|  0%| F|  |TAMS 0x0000000788200000, 0x0000000788200000| Untracked 
| 131|0x0000000788300000, 0x0000000788300000, 0x0000000788400000|  0%| F|  |TAMS 0x0000000788300000, 0x0000000788300000| Untracked 
| 132|0x0000000788400000, 0x0000000788500000, 0x0000000788500000|100%| S|CS|TAMS 0x0000000788400000, 0x0000000788400000| Complete 
| 133|0x0000000788500000, 0x0000000788600000, 0x0000000788600000|100%| S|CS|TAMS 0x0000000788500000, 0x0000000788500000| Complete 
| 134|0x0000000788600000, 0x0000000788700000, 0x0000000788700000|100%| S|CS|TAMS 0x0000000788600000, 0x0000000788600000| Complete 
| 135|0x0000000788700000, 0x0000000788700000, 0x0000000788800000|  0%| F|  |TAMS 0x0000000788700000, 0x0000000788700000| Untracked 
| 136|0x0000000788800000, 0x0000000788800000, 0x0000000788900000|  0%| F|  |TAMS 0x0000000788800000, 0x0000000788800000| Untracked 
| 137|0x0000000788900000, 0x0000000788900000, 0x0000000788a00000|  0%| F|  |TAMS 0x0000000788900000, 0x0000000788900000| Untracked 
| 138|0x0000000788a00000, 0x0000000788a00000, 0x0000000788b00000|  0%| F|  |TAMS 0x0000000788a00000, 0x0000000788a00000| Untracked 
| 139|0x0000000788b00000, 0x0000000788b00000, 0x0000000788c00000|  0%| F|  |TAMS 0x0000000788b00000, 0x0000000788b00000| Untracked 
| 140|0x0000000788c00000, 0x0000000788c00000, 0x0000000788d00000|  0%| F|  |TAMS 0x0000000788c00000, 0x0000000788c00000| Untracked 
| 141|0x0000000788d00000, 0x0000000788d00000, 0x0000000788e00000|  0%| F|  |TAMS 0x0000000788d00000, 0x0000000788d00000| Untracked 
| 142|0x0000000788e00000, 0x0000000788e00000, 0x0000000788f00000|  0%| F|  |TAMS 0x0000000788e00000, 0x0000000788e00000| Untracked 
| 143|0x0000000788f00000, 0x0000000788f00000, 0x0000000789000000|  0%| F|  |TAMS 0x0000000788f00000, 0x0000000788f00000| Untracked 
| 144|0x0000000789000000, 0x0000000789000000, 0x0000000789100000|  0%| F|  |TAMS 0x0000000789000000, 0x0000000789000000| Untracked 
| 145|0x0000000789100000, 0x0000000789100000, 0x0000000789200000|  0%| F|  |TAMS 0x0000000789100000, 0x0000000789100000| Untracked 
| 146|0x0000000789200000, 0x0000000789200000, 0x0000000789300000|  0%| F|  |TAMS 0x0000000789200000, 0x0000000789200000| Untracked 
| 147|0x0000000789300000, 0x0000000789300000, 0x0000000789400000|  0%| F|  |TAMS 0x0000000789300000, 0x0000000789300000| Untracked 
| 148|0x0000000789400000, 0x0000000789400000, 0x0000000789500000|  0%| F|  |TAMS 0x0000000789400000, 0x0000000789400000| Untracked 
| 149|0x0000000789500000, 0x0000000789500000, 0x0000000789600000|  0%| F|  |TAMS 0x0000000789500000, 0x0000000789500000| Untracked 
| 150|0x0000000789600000, 0x0000000789700000, 0x0000000789700000|100%| E|CS|TAMS 0x0000000789600000, 0x0000000789600000| Complete 
| 151|0x0000000789700000, 0x0000000789800000, 0x0000000789800000|100%| E|CS|TAMS 0x0000000789700000, 0x0000000789700000| Complete 
| 152|0x0000000789800000, 0x0000000789800000, 0x0000000789900000|  0%| F|  |TAMS 0x0000000789800000, 0x0000000789800000| Untracked 
| 153|0x0000000789900000, 0x0000000789900000, 0x0000000789a00000|  0%| F|  |TAMS 0x0000000789900000, 0x0000000789900000| Untracked 
| 154|0x0000000789a00000, 0x0000000789a00000, 0x0000000789b00000|  0%| F|  |TAMS 0x0000000789a00000, 0x0000000789a00000| Untracked 
| 155|0x0000000789b00000, 0x0000000789b00000, 0x0000000789c00000|  0%| F|  |TAMS 0x0000000789b00000, 0x0000000789b00000| Untracked 
| 156|0x0000000789c00000, 0x0000000789c00000, 0x0000000789d00000|  0%| F|  |TAMS 0x0000000789c00000, 0x0000000789c00000| Untracked 
| 157|0x0000000789d00000, 0x0000000789d00000, 0x0000000789e00000|  0%| F|  |TAMS 0x0000000789d00000, 0x0000000789d00000| Untracked 
| 158|0x0000000789e00000, 0x0000000789e00000, 0x0000000789f00000|  0%| F|  |TAMS 0x0000000789e00000, 0x0000000789e00000| Untracked 
| 159|0x0000000789f00000, 0x0000000789f00000, 0x000000078a000000|  0%| F|  |TAMS 0x0000000789f00000, 0x0000000789f00000| Untracked 
| 160|0x000000078a000000, 0x000000078a000000, 0x000000078a100000|  0%| F|  |TAMS 0x000000078a000000, 0x000000078a000000| Untracked 
| 161|0x000000078a100000, 0x000000078a100000, 0x000000078a200000|  0%| F|  |TAMS 0x000000078a100000, 0x000000078a100000| Untracked 
| 162|0x000000078a200000, 0x000000078a200000, 0x000000078a300000|  0%| F|  |TAMS 0x000000078a200000, 0x000000078a200000| Untracked 
| 163|0x000000078a300000, 0x000000078a300000, 0x000000078a400000|  0%| F|  |TAMS 0x000000078a300000, 0x000000078a300000| Untracked 
| 164|0x000000078a400000, 0x000000078a400000, 0x000000078a500000|  0%| F|  |TAMS 0x000000078a400000, 0x000000078a400000| Untracked 
| 165|0x000000078a500000, 0x000000078a500000, 0x000000078a600000|  0%| F|  |TAMS 0x000000078a500000, 0x000000078a500000| Untracked 
| 166|0x000000078a600000, 0x000000078a600000, 0x000000078a700000|  0%| F|  |TAMS 0x000000078a600000, 0x000000078a600000| Untracked 
| 167|0x000000078a700000, 0x000000078a700000, 0x000000078a800000|  0%| F|  |TAMS 0x000000078a700000, 0x000000078a700000| Untracked 
| 168|0x000000078a800000, 0x000000078a800000, 0x000000078a900000|  0%| F|  |TAMS 0x000000078a800000, 0x000000078a800000| Untracked 
| 169|0x000000078a900000, 0x000000078a900000, 0x000000078aa00000|  0%| F|  |TAMS 0x000000078a900000, 0x000000078a900000| Untracked 
| 170|0x000000078aa00000, 0x000000078aa00000, 0x000000078ab00000|  0%| F|  |TAMS 0x000000078aa00000, 0x000000078aa00000| Untracked 
| 171|0x000000078ab00000, 0x000000078ab00000, 0x000000078ac00000|  0%| F|  |TAMS 0x000000078ab00000, 0x000000078ab00000| Untracked 
| 172|0x000000078ac00000, 0x000000078ac407d8, 0x000000078ad00000| 25%| E|  |TAMS 0x000000078ac00000, 0x000000078ac00000| Complete 
| 173|0x000000078ad00000, 0x000000078ae00000, 0x000000078ae00000|100%| E|CS|TAMS 0x000000078ad00000, 0x000000078ad00000| Complete 
| 174|0x000000078ae00000, 0x000000078af00000, 0x000000078af00000|100%| E|CS|TAMS 0x000000078ae00000, 0x000000078ae00000| Complete 
| 175|0x000000078af00000, 0x000000078b000000, 0x000000078b000000|100%| E|CS|TAMS 0x000000078af00000, 0x000000078af00000| Complete 
| 176|0x000000078b000000, 0x000000078b100000, 0x000000078b100000|100%| E|CS|TAMS 0x000000078b000000, 0x000000078b000000| Complete 
| 177|0x000000078b100000, 0x000000078b200000, 0x000000078b200000|100%| E|CS|TAMS 0x000000078b100000, 0x000000078b100000| Complete 
| 178|0x000000078b200000, 0x000000078b300000, 0x000000078b300000|100%| E|CS|TAMS 0x000000078b200000, 0x000000078b200000| Complete 
| 179|0x000000078b300000, 0x000000078b400000, 0x000000078b400000|100%| E|CS|TAMS 0x000000078b300000, 0x000000078b300000| Complete 
| 180|0x000000078b400000, 0x000000078b500000, 0x000000078b500000|100%| E|CS|TAMS 0x000000078b400000, 0x000000078b400000| Complete 
| 181|0x000000078b500000, 0x000000078b600000, 0x000000078b600000|100%| E|CS|TAMS 0x000000078b500000, 0x000000078b500000| Complete 
|1022|0x00000007bfe00000, 0x00000007bfe46000, 0x00000007bff00000| 27%|OA|  |TAMS 0x00000007bfe46000, 0x00000007bfe00000| Untracked 
|1023|0x00000007bff00000, 0x00000007bff70000, 0x00000007c0000000| 43%|CA|  |TAMS 0x00000007bff70000, 0x00000007bff00000| Untracked 

Card table byte_map: [0x0000000109849000,0x0000000109c49000] _byte_map_base: 0x0000000105c49000

Marking Bits (Prev, Next): (CMBitMap*) 0x00007feeda01cc58, (CMBitMap*) 0x00007feeda01cc18
 Prev Bits: [0x0000000124595000, 0x0000000126595000)
 Next Bits: [0x0000000122595000, 0x0000000124595000)

Polling page: 0x0000000106c4f000

Metaspace:

Usage:
  Non-class:     30.17 MB capacity,    29.52 MB ( 98%) used,   539.34 KB (  2%) free+waste,   135.69 KB ( <1%) overhead. 
      Class:      4.62 MB capacity,     4.14 MB ( 90%) used,   420.09 KB (  9%) free+waste,    69.69 KB (  1%) overhead. 
       Both:     34.80 MB capacity,    33.66 MB ( 97%) used,   959.44 KB (  3%) free+waste,   205.38 KB ( <1%) overhead. 

Virtual space:
  Non-class space:       32.00 MB reserved,      30.50 MB ( 95%) committed 
      Class space:        1.00 GB reserved,       4.62 MB ( <1%) committed 
             Both:        1.03 GB reserved,      35.12 MB (  3%) committed 

Chunk freelists:
   Non-Class:  16.12 KB
       Class:  0 bytes
        Both:  16.12 KB

CodeHeap 'non-profiled nmethods': size=120032Kb used=3752Kb max_used=3752Kb free=116279Kb
 bounds [0x000000011b05d000, 0x000000011b41d000, 0x0000000122595000]
CodeHeap 'profiled nmethods': size=120028Kb used=14558Kb max_used=14936Kb free=105470Kb
 bounds [0x0000000113b26000, 0x00000001149d6000, 0x000000011b05d000]
CodeHeap 'non-nmethods': size=5700Kb used=1504Kb max_used=1570Kb free=4195Kb
 bounds [0x0000000113595000, 0x0000000113805000, 0x0000000113b26000]
 total_blobs=10063 nmethods=6438 adapters=921
 compilation: enabled
              stopped_count=0, restarted_count=0
 full_count=0

Compilation events (10 events):
Event: 63.428 Thread 0x00007feedc010000 7372       3       javafx.scene.layout.BorderPane::getAreaHeight (50 bytes)
Event: 63.429 Thread 0x00007feedc010000 nmethod 7372 0x000000011418f890 code [0x000000011418fb20, 0x0000000114190758]
Event: 63.429 Thread 0x00007feedc010000 7373       3       com.sun.javafx.geom.Rectangle::<init> (26 bytes)
Event: 63.429 Thread 0x00007feedc010000 nmethod 7373 0x0000000114015890 code [0x0000000114015a40, 0x0000000114015c10]
Event: 63.430 Thread 0x00007feed980f000 nmethod 7371 0x000000011b23bf90 code [0x000000011b23c160, 0x000000011b23c308]
Event: 64.381 Thread 0x00007feed980f000 7374       4       java.lang.Math::min (45 bytes)
Event: 64.382 Thread 0x00007feed980f000 nmethod 7374 0x000000011b23bc10 code [0x000000011b23bdc0, 0x000000011b23be98]
Event: 64.382 Thread 0x00007feed980f000 7375 %     4       sun.awt.SunToolkit::getContainingWindow @ 0 (24 bytes)
Event: 64.384 Thread 0x00007feed980f000 nmethod 7375% 0x000000011b23b890 code [0x000000011b23ba20, 0x000000011b23bb38]
Event: 64.384 Thread 0x00007feed980f000 7377       4       sun.font.FontDesignMetrics::charWidth (30 bytes)

GC Heap History (10 events):
Event: 19.800 GC heap before
{Heap before GC invocations=27 (full 0):
 garbage-first heap   total 124928K, used 87222K [0x0000000780000000, 0x0000000800000000)
  region size 1024K, 14 young (14336K), 2 survivors (2048K)
 Metaspace       used 33517K, capacity 34717K, committed 34944K, reserved 1079296K
  class space    used 4198K, capacity 4689K, committed 4736K, reserved 1048576K
}
Event: 19.803 GC heap after
{Heap after GC invocations=28 (full 0):
 garbage-first heap   total 124928K, used 81825K [0x0000000780000000, 0x0000000800000000)
  region size 1024K, 2 young (2048K), 2 survivors (2048K)
 Metaspace       used 33517K, capacity 34717K, committed 34944K, reserved 1079296K
  class space    used 4198K, capacity 4689K, committed 4736K, reserved 1048576K
}
Event: 51.318 GC heap before
{Heap before GC invocations=29 (full 0):
 garbage-first heap   total 142336K, used 91041K [0x0000000780000000, 0x0000000800000000)
  region size 1024K, 12 young (12288K), 2 survivors (2048K)
 Metaspace       used 34227K, capacity 35410K, committed 35712K, reserved 1081344K
  class space    used 4236K, capacity 4724K, committed 4736K, reserved 1048576K
}
Event: 51.322 GC heap after
{Heap after GC invocations=30 (full 0):
 garbage-first heap   total 142336K, used 82506K [0x0000000780000000, 0x0000000800000000)
  region size 1024K, 1 young (1024K), 1 survivors (1024K)
 Metaspace       used 34227K, capacity 35410K, committed 35712K, reserved 1081344K
  class space    used 4236K, capacity 4724K, committed 4736K, reserved 1048576K
}
Event: 58.513 GC heap before
{Heap before GC invocations=30 (full 0):
 garbage-first heap   total 142336K, used 97866K [0x0000000780000000, 0x0000000800000000)
  region size 1024K, 17 young (17408K), 1 survivors (1024K)
 Metaspace       used 34366K, capacity 35539K, committed 35712K, reserved 1081344K
  class space    used 4237K, capacity 4724K, committed 4736K, reserved 1048576K
}
Event: 58.520 GC heap after
{Heap after GC invocations=31 (full 0):
 garbage-first heap   total 142336K, used 90438K [0x0000000780000000, 0x0000000800000000)
  region size 1024K, 3 young (3072K), 3 survivors (3072K)
 Metaspace       used 34366K, capacity 35539K, committed 35712K, reserved 1081344K
  class space    used 4237K, capacity 4724K, committed 4736K, reserved 1048576K
}
Event: 59.006 GC heap before
{Heap before GC invocations=32 (full 0):
 garbage-first heap   total 157696K, used 102726K [0x0000000780000000, 0x0000000800000000)
  region size 1024K, 16 young (16384K), 3 survivors (3072K)
 Metaspace       used 34366K, capacity 35539K, committed 35712K, reserved 1081344K
  class space    used 4237K, capacity 4724K, committed 4736K, reserved 1048576K
}
Event: 59.014 GC heap after
{Heap after GC invocations=33 (full 0):
 garbage-first heap   total 157696K, used 99057K [0x0000000780000000, 0x0000000800000000)
  region size 1024K, 2 young (2048K), 2 survivors (2048K)
 Metaspace       used 34366K, capacity 35539K, committed 35712K, reserved 1081344K
  class space    used 4237K, capacity 4724K, committed 4736K, reserved 1048576K
}
Event: 59.582 GC heap before
{Heap before GC invocations=33 (full 0):
 garbage-first heap   total 157696K, used 113393K [0x0000000780000000, 0x0000000800000000)
  region size 1024K, 17 young (17408K), 2 survivors (2048K)
 Metaspace       used 34373K, capacity 35539K, committed 35712K, reserved 1081344K
  class space    used 4237K, capacity 4724K, committed 4736K, reserved 1048576K
}
Event: 59.596 GC heap after
{Heap after GC invocations=34 (full 0):
 garbage-first heap   total 157696K, used 108837K [0x0000000780000000, 0x0000000800000000)
  region size 1024K, 3 young (3072K), 3 survivors (3072K)
 Metaspace       used 34373K, capacity 35539K, committed 35712K, reserved 1081344K
  class space    used 4237K, capacity 4724K, committed 4736K, reserved 1048576K
}

Deoptimization events (10 events):
Event: 59.869 Thread 0x00007feedfc43000 Uncommon trap: reason=class_check action=maybe_recompile pc=0x000000011b3a4758 method=java.awt.EventQueue.uncacheEQItem(Lsun/awt/EventQueueItem;)V @ 20 c2
Event: 59.870 Thread 0x00007feeda1f4000 Uncommon trap: reason=class_check action=maybe_recompile pc=0x000000011b37e758 method=java.awt.EventQueue.cacheEQItem(Lsun/awt/EventQueueItem;)V @ 20 c2
Event: 59.871 Thread 0x00007feedfc43000 Uncommon trap: reason=class_check action=maybe_recompile pc=0x000000011b36d994 method=java.awt.EventQueue.uncacheEQItem(Lsun/awt/EventQueueItem;)V @ 20 c2
Event: 59.872 Thread 0x00007feedfc43000 Uncommon trap: reason=unstable_if action=reinterpret pc=0x000000011b3b2ba8 method=sun.lwawt.LWComponentPeer.handleEvent(Ljava/awt/AWTEvent;)V @ 22 c2
Event: 59.912 Thread 0x00007feedfc43000 Uncommon trap: reason=null_check action=make_not_entrant pc=0x000000011b3bc9b4 method=java.awt.DefaultKeyboardFocusManager.dispatchEvent(Ljava/awt/AWTEvent;)Z @ 506 c2
Event: 61.856 Thread 0x00007feedfc43000 Uncommon trap: reason=unstable_if action=reinterpret pc=0x000000011b316bd8 method=java.beans.ChangeListenerMap.get(Ljava/lang/String;)[Ljava/util/EventListener; @ 4 c2
Event: 61.858 Thread 0x00007feedfc43000 Uncommon trap: reason=unstable_if action=reinterpret pc=0x000000011b400ae8 method=java.awt.EventQueue.uncacheEQItem(Lsun/awt/EventQueueItem;)V @ 23 c2
Event: 61.885 Thread 0x00007feedfc43000 Uncommon trap: reason=unstable_if action=reinterpret pc=0x000000011b3859bc method=javax.swing.RepaintManager.addDirtyRegion0(Ljava/awt/Container;IIII)V @ 69 c2
Event: 63.405 Thread 0x00007feedfc43000 Uncommon trap: reason=unstable_if action=reinterpret pc=0x000000011b23fbc0 method=java.awt.EventQueue.uncacheEQItem(Lsun/awt/EventQueueItem;)V @ 23 c2
Event: 64.384 Thread 0x00007feeda88a800 Uncommon trap: reason=unstable_if action=reinterpret pc=0x000000011b356870 method=java.security.AccessControlContext.optimize()Ljava/security/AccessControlContext; @ 49 c2

Classes redefined (0 events):
No events

Internal exceptions (10 events):
Event: 59.611 Thread 0x00007feeda1f4000 Exception <a 'java/lang/NullPointerException'{0x000000078978b550}> (0x000000078978b550) thrown at [/scratch/mesos/slaves/07fc96ef-bf4d-487f-b22f-a84e49f5f44a-S133408/frameworks/1735e8a2-a1db-478c-8104-60c8b0af87dd-0196/executors/dc45f84e-65aa-47ca-b8d0-68
Event: 59.843 Thread 0x00007feeda1f4000 Implicit null exception at 0x0000000114941ff4 to 0x0000000114956b22
Event: 59.843 Thread 0x00007feeda1f4000 Exception <a 'java/lang/NullPointerException'{0x000000078b019d08}> (0x000000078b019d08) thrown at [/scratch/mesos/slaves/07fc96ef-bf4d-487f-b22f-a84e49f5f44a-S133408/frameworks/1735e8a2-a1db-478c-8104-60c8b0af87dd-0196/executors/dc45f84e-65aa-47ca-b8d0-68
Event: 59.843 Thread 0x00007feeda1f4000 Implicit null exception at 0x0000000114944314 to 0x00000001149574c2
Event: 59.843 Thread 0x00007feeda1f4000 Exception <a 'java/lang/NullPointerException'{0x000000078b01a338}> (0x000000078b01a338) thrown at [/scratch/mesos/slaves/07fc96ef-bf4d-487f-b22f-a84e49f5f44a-S133408/frameworks/1735e8a2-a1db-478c-8104-60c8b0af87dd-0196/executors/dc45f84e-65aa-47ca-b8d0-68
Event: 59.843 Thread 0x00007feeda1f4000 Implicit null exception at 0x00000001149492e4 to 0x0000000114958abf
Event: 59.843 Thread 0x00007feeda1f4000 Exception <a 'java/lang/NullPointerException'{0x000000078b01a968}> (0x000000078b01a968) thrown at [/scratch/mesos/slaves/07fc96ef-bf4d-487f-b22f-a84e49f5f44a-S133408/frameworks/1735e8a2-a1db-478c-8104-60c8b0af87dd-0196/executors/dc45f84e-65aa-47ca-b8d0-68
Event: 59.912 Thread 0x00007feedfc43000 Implicit null exception at 0x000000011b3ba3eb to 0x000000011b3bc9a2
Event: 61.856 Thread 0x00007feedfc43000 Implicit null exception at 0x000000011b3157bd to 0x000000011b316bbe
Event: 64.384 Thread 0x00007feeda88a800 Implicit null exception at 0x000000011b3545b8 to 0x000000011b35685a

Events (10 events):
Event: 64.384 Thread 0x00007feedc80b000 Thread exited: 0x00007feedc80b000
Event: 64.384 Executing VM operation: RevokeBias
Event: 64.384 Executing VM operation: RevokeBias done
Event: 64.384 Thread 0x00007feed9a5f800 Thread exited: 0x00007feed9a5f800
Event: 64.384 Thread 0x00007feed980a800 Thread exited: 0x00007feed980a800
Event: 64.384 Thread 0x00007feeda1f4000 Thread exited: 0x00007feeda1f4000
Event: 64.384 Thread 0x00007feeda88a800 Thread added: 0x00007feeda88a800
Event: 64.384 Thread 0x00007feeda88a800 Uncommon trap: trap_request=0xffffff4d fr.pc=0x000000011b356870 relative=0x0000000000002310
Event: 64.384 Thread 0x00007feeda88a800 DEOPT PACKING pc=0x000000011b356870 sp=0x0000700000ac1880
Event: 64.384 Thread 0x00007feeda88a800 DEOPT UNPACKING pc=0x00000001135be3a5 sp=0x0000700000ac1870 mode 2


Dynamic libraries:
0x00007fff6f12b000 	/usr/lib/libz.1.dylib
0x0000000106be9000 	/Library/Java/JavaVirtualMachines/jdk-12.0.1.jdk/Contents/Home/lib/libjli.dylib
0x00007fff3794b000 	/System/Library/Frameworks/Cocoa.framework/Versions/A/Cocoa
0x00007fff44eff000 	/System/Library/Frameworks/Security.framework/Versions/A/Security
0x00007fff368eb000 	/System/Library/Frameworks/ApplicationServices.framework/Versions/A/ApplicationServices
0x00007fff6cc13000 	/usr/lib/libSystem.B.dylib
0x00007fff6fba3000 	/usr/lib/system/libcache.dylib
0x00007fff6fba9000 	/usr/lib/system/libcommonCrypto.dylib
0x00007fff6fbb5000 	/usr/lib/system/libcompiler_rt.dylib
0x00007fff6fbbd000 	/usr/lib/system/libcopyfile.dylib
0x00007fff6fbc7000 	/usr/lib/system/libcorecrypto.dylib
0x00007fff6fd75000 	/usr/lib/system/libdispatch.dylib
0x00007fff6fdb7000 	/usr/lib/system/libdyld.dylib
0x00007fff6fded000 	/usr/lib/system/libkeymgr.dylib
0x00007fff6fdfb000 	/usr/lib/system/liblaunch.dylib
0x00007fff6fdfc000 	/usr/lib/system/libmacho.dylib
0x00007fff6fe02000 	/usr/lib/system/libquarantine.dylib
0x00007fff6fe05000 	/usr/lib/system/libremovefile.dylib
0x00007fff6fe07000 	/usr/lib/system/libsystem_asl.dylib
0x00007fff6fe1f000 	/usr/lib/system/libsystem_blocks.dylib
0x00007fff6fe20000 	/usr/lib/system/libsystem_c.dylib
0x00007fff6fea8000 	/usr/lib/system/libsystem_configuration.dylib
0x00007fff6feac000 	/usr/lib/system/libsystem_coreservices.dylib
0x00007fff6feb0000 	/usr/lib/system/libsystem_darwin.dylib
0x00007fff6feb8000 	/usr/lib/system/libsystem_dnssd.dylib
0x00007fff6fec0000 	/usr/lib/system/libsystem_featureflags.dylib
0x00007fff6fec2000 	/usr/lib/system/libsystem_info.dylib
0x00007fff6ff3d000 	/usr/lib/system/libsystem_m.dylib
0x00007fff6ff85000 	/usr/lib/system/libsystem_malloc.dylib
0x00007fff6ffad000 	/usr/lib/system/libsystem_networkextension.dylib
0x00007fff6ffbb000 	/usr/lib/system/libsystem_notify.dylib
0x00007fff6ffda000 	/usr/lib/system/libsystem_sandbox.dylib
0x00007fff6ffdf000 	/usr/lib/system/libsystem_secinit.dylib
0x00007fff6ff10000 	/usr/lib/system/libsystem_kernel.dylib
0x00007fff6ffc5000 	/usr/lib/system/libsystem_platform.dylib
0x00007fff6ffcf000 	/usr/lib/system/libsystem_pthread.dylib
0x00007fff6ffe2000 	/usr/lib/system/libsystem_symptoms.dylib
0x00007fff6ffea000 	/usr/lib/system/libsystem_trace.dylib
0x00007fff70002000 	/usr/lib/system/libunwind.dylib
0x00007fff70008000 	/usr/lib/system/libxpc.dylib
0x00007fff6ea53000 	/usr/lib/libobjc.A.dylib
0x00007fff6cf45000 	/usr/lib/libc++abi.dylib
0x00007fff6cef1000 	/usr/lib/libc++.1.dylib
0x00007fff388b4000 	/System/Library/Frameworks/CoreFoundation.framework/Versions/A/CoreFoundation
0x00007fff3af77000 	/System/Library/Frameworks/Foundation.framework/Versions/C/Foundation
0x00007fff35ae3000 	/System/Library/Frameworks/AppKit.framework/Versions/C/AppKit
0x00007fff383c8000 	/System/Library/Frameworks/CoreData.framework/Versions/A/CoreData
0x00007fff694be000 	/System/Library/PrivateFrameworks/UIFoundation.framework/Versions/A/UIFoundation
0x00007fff63cef000 	/System/Library/PrivateFrameworks/RemoteViewServices.framework/Versions/A/RemoteViewServices
0x00007fff6bf41000 	/System/Library/PrivateFrameworks/XCTTargetBootstrap.framework/Versions/A/XCTTargetBootstrap
0x00007fff387a7000 	/System/Library/Frameworks/CoreDisplay.framework/Versions/A/CoreDisplay
0x00007fff3dcea000 	/System/Library/Frameworks/Metal.framework/Versions/A/Metal
0x00007fff521fb000 	/System/Library/PrivateFrameworks/DesktopServicesPriv.framework/Versions/A/DesktopServicesPriv
0x00007fff6dd3e000 	/usr/lib/liblangid.dylib
0x00007fff51352000 	/System/Library/PrivateFrameworks/CoreSVG.framework/Versions/A/CoreSVG
0x00007fff66a6f000 	/System/Library/PrivateFrameworks/SkyLight.framework/Versions/A/SkyLight
0x00007fff38d35000 	/System/Library/Frameworks/CoreGraphics.framework/Versions/A/CoreGraphics
0x00007fff34684000 	/System/Library/Frameworks/Accelerate.framework/Versions/A/Accelerate
0x00007fff6f01c000 	/usr/lib/libxml2.2.dylib
0x00007fff5cefe000 	/System/Library/PrivateFrameworks/IconServices.framework/Versions/A/IconServices
0x00007fff3b759000 	/System/Library/Frameworks/IOSurface.framework/Versions/A/IOSurface
0x00007fff6c74b000 	/usr/lib/libDiagnosticMessagesClient.dylib
0x00007fff52074000 	/System/Library/PrivateFrameworks/DFRFoundation.framework/Versions/A/DFRFoundation
0x00007fff6dacc000 	/usr/lib/libicucore.A.dylib
0x00007fff36c1d000 	/System/Library/Frameworks/AudioToolbox.framework/Versions/A/AudioToolbox
0x00007fff36cff000 	/System/Library/Frameworks/AudioUnit.framework/Versions/A/AudioUnit
0x00007fff6ce15000 	/usr/lib/libauto.dylib
0x00007fff520f5000 	/System/Library/PrivateFrameworks/DataDetectorsCore.framework/Versions/A/DataDetectorsCore
0x00007fff3746b000 	/System/Library/Frameworks/Carbon.framework/Versions/A/Frameworks/HIToolbox.framework/Versions/A/HIToolbox
0x00007fff44134000 	/System/Library/Frameworks/QuartzCore.framework/Versions/A/QuartzCore
0x00007fff377aa000 	/System/Library/Frameworks/Carbon.framework/Versions/A/Frameworks/SpeechRecognition.framework/Versions/A/SpeechRecognition
0x00007fff519f8000 	/System/Library/PrivateFrameworks/CoreUI.framework/Versions/A/CoreUI
0x00007fff37e2e000 	/System/Library/Frameworks/CoreAudio.framework/Versions/A/CoreAudio
0x00007fff3ac3f000 	/System/Library/Frameworks/DiskArbitration.framework/Versions/A/DiskArbitration
0x00007fff5ef07000 	/System/Library/PrivateFrameworks/MultitouchSupport.framework/Versions/A/MultitouchSupport
0x00007fff6d992000 	/usr/lib/libenergytrace.dylib
0x00007fff3b6b4000 	/System/Library/Frameworks/IOKit.framework/Versions/A/IOKit
0x00007fff39ca1000 	/System/Library/Frameworks/CoreServices.framework/Versions/A/CoreServices
0x00007fff60f7d000 	/System/Library/PrivateFrameworks/PerformanceAnalysis.framework/Versions/A/PerformanceAnalysis
0x00007fff4316b000 	/System/Library/Frameworks/OpenGL.framework/Versions/A/OpenGL
0x00007fff37959000 	/System/Library/Frameworks/ColorSync.framework/Versions/A/ColorSync
0x00007fff393bb000 	/System/Library/Frameworks/CoreImage.framework/Versions/A/CoreImage
0x00007fff3a716000 	/System/Library/Frameworks/CoreText.framework/Versions/A/CoreText
0x00007fff3b7e0000 	/System/Library/Frameworks/ImageIO.framework/Versions/A/ImageIO
0x00007fff6cf6d000 	/usr/lib/libcompression.dylib
0x00007fff6ca8d000 	/usr/lib/libMobileGestalt.dylib
0x00007fff685a0000 	/System/Library/PrivateFrameworks/TextureIO.framework/Versions/A/TextureIO
0x00007fff6cd7b000 	/usr/lib/libate.dylib
0x00007fff5d106000 	/System/Library/PrivateFrameworks/InternationalSupport.framework/Versions/A/InternationalSupport
0x00007fff6dd40000 	/usr/lib/liblzma.5.dylib
0x00007fff6d9ba000 	/usr/lib/libfakelink.dylib
0x00007fff6cd08000 	/usr/lib/libarchive.2.dylib
0x00007fff460b9000 	/System/Library/Frameworks/SystemConfiguration.framework/Versions/A/SystemConfiguration
0x00007fff6c67c000 	/usr/lib/libCRFSuite.dylib
0x00007fff37075000 	/System/Library/Frameworks/CFNetwork.framework/Versions/A/CFNetwork
0x00007fff6ced3000 	/usr/lib/libbsm.0.dylib
0x00007fff6fdee000 	/usr/lib/system/libkxld.dylib
0x00007fff4bb91000 	/System/Library/PrivateFrameworks/AppleFSCompression.framework/Versions/A/AppleFSCompression
0x00007fff6d251000 	/usr/lib/libcoretls.dylib
0x00007fff6d268000 	/usr/lib/libcoretls_cfhelpers.dylib
0x00007fff6ea97000 	/usr/lib/libpam.2.dylib
0x00007fff6ebc7000 	/usr/lib/libsqlite3.dylib
0x00007fff6f009000 	/usr/lib/libxar.1.dylib
0x00007fff6cee4000 	/usr/lib/libbz2.1.0.dylib
0x00007fff6d9db000 	/usr/lib/libiconv.2.dylib
0x00007fff6cf5a000 	/usr/lib/libcharset.1.dylib
0x00007fff6e542000 	/usr/lib/libnetwork.dylib
0x00007fff6ea9e000 	/usr/lib/libpcap.A.dylib
0x00007fff6ccbd000 	/usr/lib/libapple_nghttp2.dylib
0x00007fff3a058000 	/System/Library/Frameworks/CoreServices.framework/Versions/A/Frameworks/FSEvents.framework/Versions/A/FSEvents
0x00007fff39d28000 	/System/Library/Frameworks/CoreServices.framework/Versions/A/Frameworks/CarbonCore.framework/Versions/A/CarbonCore
0x00007fff3a29b000 	/System/Library/Frameworks/CoreServices.framework/Versions/A/Frameworks/Metadata.framework/Versions/A/Metadata
0x00007fff3a334000 	/System/Library/Frameworks/CoreServices.framework/Versions/A/Frameworks/OSServices.framework/Versions/A/OSServices
0x00007fff3a362000 	/System/Library/Frameworks/CoreServices.framework/Versions/A/Frameworks/SearchKit.framework/Versions/A/SearchKit
0x00007fff39ca2000 	/System/Library/Frameworks/CoreServices.framework/Versions/A/Frameworks/AE.framework/Versions/A/AE
0x00007fff3a061000 	/System/Library/Frameworks/CoreServices.framework/Versions/A/Frameworks/LaunchServices.framework/Versions/A/LaunchServices
0x00007fff3a00a000 	/System/Library/Frameworks/CoreServices.framework/Versions/A/Frameworks/DictionaryServices.framework/Versions/A/DictionaryServices
0x00007fff3a3ca000 	/System/Library/Frameworks/CoreServices.framework/Versions/A/Frameworks/SharedFileList.framework/Versions/A/SharedFileList
0x00007fff3efbf000 	/System/Library/Frameworks/NetFS.framework/Versions/A/NetFS
0x00007fff5f3aa000 	/System/Library/PrivateFrameworks/NetAuth.framework/Versions/A/NetAuth
0x00007fff6c30b000 	/System/Library/PrivateFrameworks/login.framework/Versions/A/Frameworks/loginsupport.framework/Versions/A/loginsupport
0x00007fff6809e000 	/System/Library/PrivateFrameworks/TCC.framework/Versions/A/TCC
0x00007fff50725000 	/System/Library/PrivateFrameworks/CoreNLP.framework/Versions/A/CoreNLP
0x00007fff5e937000 	/System/Library/PrivateFrameworks/MetadataUtilities.framework/Versions/A/MetadataUtilities
0x00007fff6de18000 	/usr/lib/libmecabra.dylib
0x00007fff6dd70000 	/usr/lib/libmecab.dylib
0x00007fff6d9cb000 	/usr/lib/libgermantok.dylib
0x00007fff6cca4000 	/usr/lib/libThaiTokenizer.dylib
0x00007fff6c6b4000 	/usr/lib/libChineseTokenizer.dylib
0x00007fff3469c000 	/System/Library/Frameworks/Accelerate.framework/Versions/A/Frameworks/vImage.framework/Versions/A/vImage
0x00007fff3593e000 	/System/Library/Frameworks/Accelerate.framework/Versions/A/Frameworks/vecLib.framework/Versions/A/vecLib
0x00007fff35882000 	/System/Library/Frameworks/Accelerate.framework/Versions/A/Frameworks/vecLib.framework/Versions/A/libvMisc.dylib
0x00007fff356a8000 	/System/Library/Frameworks/Accelerate.framework/Versions/A/Frameworks/vecLib.framework/Versions/A/libvDSP.dylib
0x00007fff34d08000 	/System/Library/Frameworks/Accelerate.framework/Versions/A/Frameworks/vecLib.framework/Versions/A/libBLAS.dylib
0x00007fff35262000 	/System/Library/Frameworks/Accelerate.framework/Versions/A/Frameworks/vecLib.framework/Versions/A/libLAPACK.dylib
0x00007fff35608000 	/System/Library/Frameworks/Accelerate.framework/Versions/A/Frameworks/vecLib.framework/Versions/A/libLinearAlgebra.dylib
0x00007fff35695000 	/System/Library/Frameworks/Accelerate.framework/Versions/A/Frameworks/vecLib.framework/Versions/A/libSparseBLAS.dylib
0x00007fff3561e000 	/System/Library/Frameworks/Accelerate.framework/Versions/A/Frameworks/vecLib.framework/Versions/A/libQuadrature.dylib
0x00007fff34f71000 	/System/Library/Frameworks/Accelerate.framework/Versions/A/Frameworks/vecLib.framework/Versions/A/libBNNS.dylib
0x00007fff35624000 	/System/Library/Frameworks/Accelerate.framework/Versions/A/Frameworks/vecLib.framework/Versions/A/libSparse.dylib
0x00007fff5d4c4000 	/System/Library/PrivateFrameworks/LanguageModeling.framework/Versions/A/LanguageModeling
0x00007fff500c4000 	/System/Library/PrivateFrameworks/CoreEmoji.framework/Versions/A/CoreEmoji
0x00007fff5d5e2000 	/System/Library/PrivateFrameworks/LinguisticData.framework/Versions/A/LinguisticData
0x00007fff5d593000 	/System/Library/PrivateFrameworks/Lexicon.framework/Versions/A/Lexicon
0x00007fff6cf5b000 	/usr/lib/libcmph.dylib
0x00007fff41b91000 	/System/Library/Frameworks/OpenDirectory.framework/Versions/A/Frameworks/CFOpenDirectory.framework/Versions/A/CFOpenDirectory
0x00007fff41bae000 	/System/Library/Frameworks/OpenDirectory.framework/Versions/A/OpenDirectory
0x00007fff49e7f000 	/System/Library/PrivateFrameworks/APFS.framework/Versions/A/APFS
0x00007fff45246000 	/System/Library/Frameworks/SecurityFoundation.framework/Versions/A/SecurityFoundation
0x00007fff6f005000 	/usr/lib/libutil.dylib
0x00007fff513aa000 	/System/Library/PrivateFrameworks/CoreServicesStore.framework/Versions/A/CoreServicesStore
0x00007fff45328000 	/System/Library/Frameworks/ServiceManagement.framework/Versions/A/ServiceManagement
0x00007fff4d343000 	/System/Library/PrivateFrameworks/BackgroundTaskManagement.framework/Versions/A/BackgroundTaskManagement
0x00007fff6f102000 	/usr/lib/libxslt.1.dylib
0x00007fff4c1f4000 	/System/Library/PrivateFrameworks/AppleSystemInfo.framework/Versions/A/AppleSystemInfo
0x00007fff3b9fc000 	/System/Library/Frameworks/ImageIO.framework/Versions/A/Resources/libJPEG.dylib
0x00007fff3bcbb000 	/System/Library/Frameworks/ImageIO.framework/Versions/A/Resources/libTIFF.dylib
0x00007fff3bc9e000 	/System/Library/Frameworks/ImageIO.framework/Versions/A/Resources/libPng.dylib
0x00007fff3b93d000 	/System/Library/Frameworks/ImageIO.framework/Versions/A/Resources/libGIF.dylib
0x00007fff3b941000 	/System/Library/Frameworks/ImageIO.framework/Versions/A/Resources/libJP2.dylib
0x00007fff3bcb9000 	/System/Library/Frameworks/ImageIO.framework/Versions/A/Resources/libRadiance.dylib
0x00007fff6d993000 	/usr/lib/libexpat.1.dylib
0x00007fff4bcec000 	/System/Library/PrivateFrameworks/AppleJPEG.framework/Versions/A/AppleJPEG
0x00007fff5460b000 	/System/Library/PrivateFrameworks/FontServices.framework/libFontParser.dylib
0x00007fff6b369000 	/System/Library/PrivateFrameworks/WatchdogClient.framework/Versions/A/WatchdogClient
0x00007fff5cb53000 	/System/Library/PrivateFrameworks/IOAccelerator.framework/Versions/A/IOAccelerator
0x00007fff3e078000 	/System/Library/Frameworks/MetalPerformanceShaders.framework/Versions/A/MetalPerformanceShaders
0x00007fff59358000 	/System/Library/PrivateFrameworks/GPUWrangler.framework/Versions/A/GPUWrangler
0x00007fff5cb5e000 	/System/Library/PrivateFrameworks/IOPresentment.framework/Versions/A/IOPresentment
0x00007fff52087000 	/System/Library/PrivateFrameworks/DSExternalDisplay.framework/Versions/A/DSExternalDisplay
0x00007fff42517000 	/System/Library/Frameworks/OpenGL.framework/Versions/A/Libraries/libCoreFSCache.dylib
0x00007fff3ddca000 	/System/Library/Frameworks/MetalPerformanceShaders.framework/Frameworks/MPSCore.framework/Versions/A/MPSCore
0x00007fff3de07000 	/System/Library/Frameworks/MetalPerformanceShaders.framework/Frameworks/MPSImage.framework/Versions/A/MPSImage
0x00007fff3dec9000 	/System/Library/Frameworks/MetalPerformanceShaders.framework/Frameworks/MPSNeuralNetwork.framework/Versions/A/MPSNeuralNetwork
0x00007fff3de8e000 	/System/Library/Frameworks/MetalPerformanceShaders.framework/Frameworks/MPSMatrix.framework/Versions/A/MPSMatrix
0x00007fff3e029000 	/System/Library/Frameworks/MetalPerformanceShaders.framework/Frameworks/MPSRayIntersector.framework/Versions/A/MPSRayIntersector
0x00007fff3deb3000 	/System/Library/Frameworks/MetalPerformanceShaders.framework/Frameworks/MPSNDArray.framework/Versions/A/MPSNDArray
0x00007fff5e984000 	/System/Library/PrivateFrameworks/MetalTools.framework/Versions/A/MetalTools
0x00007fff4b01f000 	/System/Library/PrivateFrameworks/AggregateDictionary.framework/Versions/A/AggregateDictionary
0x00007fff4fb57000 	/System/Library/PrivateFrameworks/CoreAnalytics.framework/Versions/A/CoreAnalytics
0x00007fff4c112000 	/System/Library/PrivateFrameworks/AppleSauce.framework/Versions/A/AppleSauce
0x00007fff6c970000 	/usr/lib/libIOReport.dylib
0x00007fff3a8cb000 	/System/Library/Frameworks/CoreVideo.framework/Versions/A/CoreVideo
0x00007fff5a7bd000 	/System/Library/PrivateFrameworks/GraphVisualizer.framework/Versions/A/GraphVisualizer
0x00007fff53b8a000 	/System/Library/PrivateFrameworks/FaceCore.framework/Versions/A/FaceCore
0x00007fff41b38000 	/System/Library/Frameworks/OpenCL.framework/Versions/A/OpenCL
0x00007fff6c792000 	/usr/lib/libFosl_dynamic.dylib
0x00007fff5fda2000 	/System/Library/PrivateFrameworks/OTSVG.framework/Versions/A/OTSVG
0x00007fff369f0000 	/System/Library/Frameworks/ApplicationServices.framework/Versions/A/Frameworks/ATS.framework/Versions/A/Resources/libFontRegistry.dylib
0x00007fff547dc000 	/System/Library/PrivateFrameworks/FontServices.framework/libhvf.dylib
0x00007fff42522000 	/System/Library/Frameworks/OpenGL.framework/Versions/A/Libraries/libGFXShared.dylib
0x00007fff426ff000 	/System/Library/Frameworks/OpenGL.framework/Versions/A/Libraries/libGLU.dylib
0x00007fff4252b000 	/System/Library/Frameworks/OpenGL.framework/Versions/A/Libraries/libGL.dylib
0x00007fff42536000 	/System/Library/Frameworks/OpenGL.framework/Versions/A/Libraries/libGLImage.dylib
0x00007fff42514000 	/System/Library/Frameworks/OpenGL.framework/Versions/A/Libraries/libCVMSPluginSupport.dylib
0x00007fff4251d000 	/System/Library/Frameworks/OpenGL.framework/Versions/A/Libraries/libCoreVMClient.dylib
0x00007fff6e3e4000 	/usr/lib/libncurses.5.4.dylib
0x00007fff368ec000 	/System/Library/Frameworks/ApplicationServices.framework/Versions/A/Frameworks/ATS.framework/Versions/A/ATS
0x00007fff36ab9000 	/System/Library/Frameworks/ApplicationServices.framework/Versions/A/Frameworks/ColorSyncLegacy.framework/Versions/A/ColorSyncLegacy
0x00007fff36b58000 	/System/Library/Frameworks/ApplicationServices.framework/Versions/A/Frameworks/HIServices.framework/Versions/A/HIServices
0x00007fff36baf000 	/System/Library/Frameworks/ApplicationServices.framework/Versions/A/Frameworks/LangAnalysis.framework/Versions/A/LangAnalysis
0x00007fff36bbe000 	/System/Library/Frameworks/ApplicationServices.framework/Versions/A/Frameworks/PrintCore.framework/Versions/A/PrintCore
0x00007fff36c04000 	/System/Library/Frameworks/ApplicationServices.framework/Versions/A/Frameworks/QD.framework/Versions/A/QD
0x00007fff36c0f000 	/System/Library/Frameworks/ApplicationServices.framework/Versions/A/Frameworks/SpeechSynthesis.framework/Versions/A/SpeechSynthesis
0x00007fff36a89000 	/System/Library/Frameworks/ApplicationServices.framework/Versions/A/Frameworks/ATSUI.framework/Versions/A/ATSUI
0x00007fff6d827000 	/usr/lib/libcups.2.dylib
0x00007fff3d129000 	/System/Library/Frameworks/Kerberos.framework/Versions/A/Kerberos
0x00007fff3b3ab000 	/System/Library/Frameworks/GSS.framework/Versions/A/GSS
0x00007fff6eb53000 	/usr/lib/libresolv.9.dylib
0x00007fff5a95e000 	/System/Library/PrivateFrameworks/Heimdal.framework/Versions/A/Heimdal
0x00007fff3d13c000 	/System/Library/Frameworks/Kerberos.framework/Versions/A/Libraries/libHeimdalProxy.dylib
0x00007fff6d9d1000 	/usr/lib/libheimdal-asn1.dylib
0x00007fff4effb000 	/System/Library/PrivateFrameworks/CommonAuth.framework/Versions/A/CommonAuth
0x00007fff4c291000 	/System/Library/PrivateFrameworks/AssertionServices.framework/Versions/A/AssertionServices
0x00007fff4ce31000 	/System/Library/PrivateFrameworks/AudioToolboxCore.framework/Versions/A/AudioToolboxCore
0x00007fff6bfbd000 	/System/Library/PrivateFrameworks/caulk.framework/Versions/A/caulk
0x00007fff4d3ef000 	/System/Library/PrivateFrameworks/BaseBoard.framework/Versions/A/BaseBoard
0x00007fff63e7d000 	/System/Library/PrivateFrameworks/RunningBoardServices.framework/Versions/A/RunningBoardServices
0x00007fff60f89000 	/System/Library/PrivateFrameworks/PersistentConnection.framework/Versions/A/PersistentConnection
0x00007fff638d1000 	/System/Library/PrivateFrameworks/ProtocolBuffer.framework/Versions/A/ProtocolBuffer
0x00007fff4f020000 	/System/Library/PrivateFrameworks/CommonUtilities.framework/Versions/A/CommonUtilities
0x00007fff4d572000 	/System/Library/PrivateFrameworks/Bom.framework/Versions/A/Bom
0x00007fff6c640000 	/usr/lib/libAudioToolboxUtility.dylib
0x00007fff4d34d000 	/System/Library/PrivateFrameworks/Backup.framework/Versions/A/Backup
0x00007fff51df5000 	/System/Library/PrivateFrameworks/CrashReporterSupport.framework/Versions/A/CrashReporterSupport
0x00007fff65917000 	/System/Library/PrivateFrameworks/Sharing.framework/Versions/A/Sharing
0x00007fff4ba37000 	/System/Library/PrivateFrameworks/Apple80211.framework/Versions/A/Apple80211
0x00007fff4d06f000 	/System/Library/PrivateFrameworks/AuthKit.framework/Versions/A/AuthKit
0x00007fff51b25000 	/System/Library/PrivateFrameworks/CoreUtils.framework/Versions/A/CoreUtils
0x00007fff3a910000 	/System/Library/Frameworks/CoreWLAN.framework/Versions/A/CoreWLAN
0x00007fff3b535000 	/System/Library/Frameworks/IOBluetooth.framework/Versions/A/IOBluetooth
0x00007fff5ec82000 	/System/Library/PrivateFrameworks/MobileKeyBag.framework/Versions/A/MobileKeyBag
0x00007fff50bfe000 	/System/Library/PrivateFrameworks/CorePhoneNumbers.framework/Versions/A/CorePhoneNumbers
0x00007fff4bc9f000 	/System/Library/PrivateFrameworks/AppleIDAuthSupport.framework/Versions/A/AppleIDAuthSupport
0x00007fff3efcc000 	/System/Library/Frameworks/Network.framework/Versions/A/Network
0x00007fff5d34d000 	/System/Library/PrivateFrameworks/KeychainCircle.framework/Versions/A/KeychainCircle
0x00007fff38390000 	/System/Library/Frameworks/CoreBluetooth.framework/Versions/A/CoreBluetooth
0x00007fff675af000 	/System/Library/PrivateFrameworks/SpeechRecognitionCore.framework/Versions/A/SpeechRecognitionCore
0x0000000107e00000 	/Library/Java/JavaVirtualMachines/jdk-12.0.1.jdk/Contents/Home/lib/server/libjvm.dylib
0x0000000106c08000 	/Library/Java/JavaVirtualMachines/jdk-12.0.1.jdk/Contents/Home/lib/libverify.dylib
0x0000000106c14000 	/Library/Java/JavaVirtualMachines/jdk-12.0.1.jdk/Contents/Home/lib/libjava.dylib
0x0000000106c99000 	/Library/Java/JavaVirtualMachines/jdk-12.0.1.jdk/Contents/Home/lib/libzip.dylib
0x0000000106ca1000 	/Library/Java/JavaVirtualMachines/jdk-12.0.1.jdk/Contents/Home/lib/libjimage.dylib
0x000000010a9e9000 	/Library/Java/JavaVirtualMachines/jdk-12.0.1.jdk/Contents/Home/lib/libnio.dylib
0x000000010a9f7000 	/Library/Java/JavaVirtualMachines/jdk-12.0.1.jdk/Contents/Home/lib/libnet.dylib
0x000000010aa9f000 	/Users/arti/Documents/GitHub/Craigslist Notifier/CraigslistNotifier/javafx-mac/lib/libprism_es2.dylib
0x00007fff51376000 	/System/Library/PrivateFrameworks/CoreServicesInternal.framework/Versions/A/CoreServicesInternal
0x00007fff4317b000 	/System/Library/Frameworks/OpenGL.framework/Versions/A/Resources/GLEngine.bundle/GLEngine
0x00007fff4256c000 	/System/Library/Frameworks/OpenGL.framework/Versions/A/Libraries/libGLProgrammability.dylib
0x00007fff307aa000 	/System/Library/Extensions/AppleIntelKBLGraphicsGLDriver.bundle/Contents/MacOS/AppleIntelKBLGraphicsGLDriver
0x00007fff5934c000 	/System/Library/PrivateFrameworks/GPUSupport.framework/Versions/A/Libraries/libGPUSupportMercury.dylib
0x00007fff432f5000 	/System/Library/Frameworks/OpenGL.framework/Versions/A/Resources/GLRendererFloat.bundle/GLRendererFloat
0x00007fff41b2f000 	/System/Library/Frameworks/OpenCL.framework/Versions/A/Libraries/libcldcpuengine.dylib
0x00007fff6d40c000 	/usr/lib/libcrypto.35.dylib
0x00007fff687e4000 	/System/Library/PrivateFrameworks/TrustEvaluationAgent.framework/Versions/A/TrustEvaluationAgent
0x000000010aea7000 	/Users/arti/Documents/GitHub/Craigslist Notifier/CraigslistNotifier/javafx-mac/lib/libglass.dylib
0x00007fff3ae38000 	/System/Library/Frameworks/FileProvider.framework/Versions/A/FileProvider
0x00007fff3593f000 	/System/Library/Frameworks/Accounts.framework/Versions/A/Accounts
0x00007fff59679000 	/System/Library/PrivateFrameworks/GenerationalStorage.framework/Versions/A/GenerationalStorage
0x00007fff518d9000 	/System/Library/PrivateFrameworks/CoreSymbolication.framework/Versions/A/CoreSymbolication
0x00007fff67de0000 	/System/Library/PrivateFrameworks/SymptomDiagnosticReporter.framework/Versions/A/SymptomDiagnosticReporter
0x00007fff4b530000 	/System/Library/PrivateFrameworks/AppContainer.framework/Versions/A/AppContainer
0x00007fff6eb6d000 	/usr/lib/libsandbox.1.dylib
0x00007fff6a308000 	/System/Library/PrivateFrameworks/UserManagement.framework/Versions/A/UserManagement
0x00007fff4e123000 	/System/Library/PrivateFrameworks/ChunkingLibrary.framework/Versions/A/ChunkingLibrary
0x00007fff521bc000 	/System/Library/PrivateFrameworks/DebugSymbols.framework/Versions/A/DebugSymbols
0x00007fff4b5a2000 	/System/Library/PrivateFrameworks/AppSandbox.framework/Versions/A/AppSandbox
0x00007fff657cc000 	/System/Library/PrivateFrameworks/SecCodeWrapper.framework/Versions/A/SecCodeWrapper
0x00007fff6ca56000 	/usr/lib/libMatch.1.dylib
0x00007fff2cf91000 	/System/Library/CoreServices/RawCamera.bundle/Contents/MacOS/RawCamera
0x00007fff5eaac000 	/System/Library/PrivateFrameworks/MobileAsset.framework/Versions/A/MobileAsset
0x00007fff67c8e000 	/System/Library/PrivateFrameworks/StreamingZip.framework/Versions/A/StreamingZip
0x00007fff3d5a5000 	/System/Library/Frameworks/MediaToolbox.framework/Versions/A/MediaToolbox
0x00007fff4fb06000 	/System/Library/PrivateFrameworks/CoreAVCHD.framework/Versions/A/CoreAVCHD
0x00007fff3d4cf000 	/System/Library/Frameworks/MediaAccessibility.framework/Versions/A/MediaAccessibility
0x00007fff5de7e000 	/System/Library/PrivateFrameworks/Mangrove.framework/Versions/A/Mangrove
0x00007fff39adc000 	/System/Library/Frameworks/CoreMedia.framework/Versions/A/CoreMedia
0x00007fff5e0e3000 	/System/Library/PrivateFrameworks/MediaExperience.framework/Versions/A/MediaExperience
0x00007fff4639f000 	/System/Library/Frameworks/VideoToolbox.framework/Versions/A/VideoToolbox
0x00007fff4f730000 	/System/Library/PrivateFrameworks/CoreAUC.framework/Versions/A/CoreAUC
0x00007fff6ebc5000 	/usr/lib/libspindump.dylib
0x00007fff4c7dc000 	/System/Library/PrivateFrameworks/AudioResourceArbitration.framework/Versions/A/AudioResourceArbitration
0x00007fff4c1f8000 	/System/Library/PrivateFrameworks/AppleVA.framework/Versions/A/AppleVA
0x00007fff34685000 	/System/Library/Frameworks/Accelerate.framework/Versions/A/Frameworks/vImage.framework/Versions/A/Libraries/libCGInterfaces.dylib
0x000000010ab7a000 	/usr/lib/libobjc-trampolines.dylib
0x00007fff6b0da000 	/System/Library/PrivateFrameworks/ViewBridge.framework/Versions/A/ViewBridge
0x00007fff6c30e000 	/System/Library/PrivateFrameworks/login.framework/Versions/A/login
0x000000012de61000 	/Library/Java/JavaVirtualMachines/jdk-12.0.1.jdk/Contents/Home/lib/libsunec.dylib
0x000000010ab30000 	/Library/Java/JavaVirtualMachines/jdk-12.0.1.jdk/Contents/Home/lib/libextnet.dylib
0x00007fff6efa9000 	/usr/lib/libusrtcp.dylib
0x000000010ab16000 	/Users/arti/Documents/GitHub/Craigslist Notifier/CraigslistNotifier/javafx-mac/lib/libjavafx_font.dylib
0x00007fff54743000 	/System/Library/PrivateFrameworks/FontServices.framework/libTrueTypeScaler.dylib
0x000000012ff47000 	/Library/Java/JavaVirtualMachines/jdk-12.0.1.jdk/Contents/Home/lib/libawt.dylib
0x0000000131855000 	/Library/Java/JavaVirtualMachines/jdk-12.0.1.jdk/Contents/Home/lib/libmlib_image.dylib
0x00007fff3d112000 	/System/Library/Frameworks/JavaVM.framework/Versions/A/Frameworks/JavaNativeFoundation.framework/Versions/A/JavaNativeFoundation
0x00007fff3d11b000 	/System/Library/Frameworks/JavaVM.framework/Versions/A/Frameworks/JavaRuntimeSupport.framework/Versions/A/JavaRuntimeSupport
0x00007fff3d124000 	/System/Library/Frameworks/JavaVM.framework/Versions/A/JavaVM
0x00007fff5d1b0000 	/System/Library/PrivateFrameworks/JavaLaunching.framework/Versions/A/JavaLaunching
0x00007fff37466000 	/System/Library/Frameworks/Carbon.framework/Versions/A/Carbon
0x00007fff37467000 	/System/Library/Frameworks/Carbon.framework/Versions/A/Frameworks/CommonPanels.framework/Versions/A/CommonPanels
0x00007fff37760000 	/System/Library/Frameworks/Carbon.framework/Versions/A/Frameworks/Help.framework/Versions/A/Help
0x00007fff37764000 	/System/Library/Frameworks/Carbon.framework/Versions/A/Frameworks/ImageCapture.framework/Versions/A/ImageCapture
0x00007fff3776b000 	/System/Library/Frameworks/Carbon.framework/Versions/A/Frameworks/OpenScripting.framework/Versions/A/OpenScripting
0x00007fff3776a000 	/System/Library/Frameworks/Carbon.framework/Versions/A/Frameworks/Ink.framework/Versions/A/Ink
0x00007fff377a6000 	/System/Library/Frameworks/Carbon.framework/Versions/A/Frameworks/Print.framework/Versions/A/Print
0x00007fff377a7000 	/System/Library/Frameworks/Carbon.framework/Versions/A/Frameworks/SecurityHI.framework/Versions/A/SecurityHI
0x0000000131a4b000 	/Library/Java/JavaVirtualMachines/jdk-12.0.1.jdk/Contents/Home/lib/libawt_lwawt.dylib
0x000000012e313000 	/Library/Java/JavaVirtualMachines/jdk-12.0.1.jdk/Contents/Home/lib/libosxapp.dylib
0x00007fff3ae19000 	/System/Library/Frameworks/ExceptionHandling.framework/Versions/A/ExceptionHandling
0x00000001317c8000 	/Library/Java/JavaVirtualMachines/jdk-12.0.1.jdk/Contents/Home/lib/libfontmanager.dylib
0x00000001329aa000 	/Library/Java/JavaVirtualMachines/jdk-12.0.1.jdk/Contents/Home/lib/libfreetype.dylib
0x000000010ace5000 	/Library/Java/JavaVirtualMachines/jdk-12.0.1.jdk/Contents/Home/lib/libosxui.dylib
0x00007fff67e5b000 	/System/Library/PrivateFrameworks/SystemAdministration.framework/Versions/A/SystemAdministration
0x00007fff52561000 	/System/Library/PrivateFrameworks/DiskManagement.framework/Versions/A/DiskManagement
0x00007fff3ab63000 	/System/Library/Frameworks/DirectoryService.framework/Versions/A/DirectoryService
0x00007fff52498000 	/System/Library/PrivateFrameworks/DiskImages.framework/Versions/A/DiskImages
0x00007fff5d68a000 	/System/Library/PrivateFrameworks/LoginUIKit.framework/Versions/A/Frameworks/LoginUICore.framework/Versions/A/LoginUICore
0x00007fff6c6bf000 	/usr/lib/libCoreStorage.dylib
0x00007fff6d814000 	/usr/lib/libcsfde.dylib
0x00007fff6ea85000 	/usr/lib/libodfde.dylib
0x00007fff5e16e000 	/System/Library/PrivateFrameworks/MediaKit.framework/Versions/A/MediaKit
0x00007fff3ab6f000 	/System/Library/Frameworks/DiscRecording.framework/Versions/A/DiscRecording
0x00007fff52710000 	/System/Library/PrivateFrameworks/EFILogin.framework/Versions/A/EFILogin
0x00007fff63876000 	/System/Library/PrivateFrameworks/ProtectedCloudStorage.framework/Versions/A/ProtectedCloudStorage
0x00007fff6d888000 	/usr/lib/libcurl.4.dylib
0x00007fff6d70d000 	/usr/lib/libcrypto.44.dylib
0x00007fff6eea8000 	/usr/lib/libssl.46.dylib
0x00007fff3d13d000 	/System/Library/Frameworks/LDAP.framework/Versions/A/LDAP
0x00007fff6ebb2000 	/usr/lib/libsasl2.2.dylib
0x00007fff4fe41000 	/System/Library/PrivateFrameworks/CoreDaemon.framework/Versions/B/CoreDaemon
0x00007fff4c10d000 	/System/Library/PrivateFrameworks/AppleSRP.framework/Versions/A/AppleSRP
0x00007fff315d3000 	/System/Library/Extensions/AppleIntelKBLGraphicsMTLDriver.bundle/Contents/MacOS/AppleIntelKBLGraphicsMTLDriver
0x00007fff57cb0000 	/System/Library/PrivateFrameworks/GPUCompiler.framework/Versions/3902/Libraries/libmetal_timestamp.dylib


VM Arguments:
jvm_args: --module-path=/Users/arti/Documents/GitHub/Craigslist Notifier/CraigslistNotifier/javafx-mac/lib --add-modules=javafx.controls,javafx.fxml -Dfile.encoding=UTF-8 
java_command: UpdatedGUI
java_class_path (initial): /Users/arti/Documents/GitHub/Craigslist Notifier/CraigslistNotifier/CraigslistNotifier/WebScraper:/Users/arti/Documents/GitHub/Craigslist Notifier/CraigslistNotifier/javafx-mac/lib/javafx.base.jar:/Users/arti/Documents/GitHub/Craigslist Notifier/CraigslistNotifier/javafx-mac/lib/javafx-swt.jar:/Users/arti/Documents/GitHub/Craigslist Notifier/CraigslistNotifier/javafx-mac/lib/javafx.media.jar:/Users/arti/Documents/GitHub/Craigslist Notifier/CraigslistNotifier/javafx-mac/lib/javafx.swing.jar:/Users/arti/Documents/GitHub/Craigslist Notifier/CraigslistNotifier/javafx-mac/lib/javafx.controls.jar:/Users/arti/Documents/GitHub/Craigslist Notifier/CraigslistNotifier/javafx-mac/lib/javafx.fxml.jar:/Users/arti/Documents/GitHub/Craigslist Notifier/CraigslistNotifier/javafx-mac/lib/javafx.graphics.jar:/Users/arti/Documents/GitHub/Craigslist Notifier/CraigslistNotifier/javafx-mac/lib/javafx.web.jar:/Users/arti/Documents/GitHub/Craigslist Notifier/CraigslistNotifier/CraigslistNotifier/WebScraper/jsoup-1.12.1.jar
Launcher Type: SUN_STANDARD

[Global flags]
     intx CICompilerCount                          = 4                                         {product} {ergonomic}
     uint ConcGCThreads                            = 2                                         {product} {ergonomic}
     uint G1ConcRefinementThreads                  = 8                                         {product} {ergonomic}
   size_t G1HeapRegionSize                         = 1048576                                   {product} {ergonomic}
    uintx GCDrainStackTargetSize                   = 64                                        {product} {ergonomic}
   size_t InitialHeapSize                          = 134217728                                 {product} {ergonomic}
   size_t MarkStackSize                            = 4194304                                   {product} {ergonomic}
   size_t MaxHeapSize                              = 2147483648                                {product} {ergonomic}
   size_t MaxNewSize                               = 1287651328                                {product} {ergonomic}
   size_t MinHeapDeltaBytes                        = 1048576                                   {product} {ergonomic}
    uintx NonNMethodCodeHeapSize                   = 5836300                                {pd product} {ergonomic}
    uintx NonProfiledCodeHeapSize                  = 122910970                              {pd product} {ergonomic}
    uintx ProfiledCodeHeapSize                     = 122910970                              {pd product} {ergonomic}
    uintx ReservedCodeCacheSize                    = 251658240                              {pd product} {ergonomic}
     bool SegmentedCodeCache                       = true                                      {product} {ergonomic}
     bool UseCompressedClassPointers               = true                                 {lp64_product} {ergonomic}
     bool UseCompressedOops                        = true                                 {lp64_product} {ergonomic}
     bool UseG1GC                                  = true                                      {product} {ergonomic}

Logging:
Log output configuration:
 #0: stdout all=warning uptime,level,tags
 #1: stderr all=off uptime,level,tags

Environment Variables:
PATH=/usr/bin:/bin:/usr/sbin:/sbin
SHELL=/bin/bash

Signal Handlers:
SIGSEGV: [libjvm.dylib+0x736202], sa_mask[0]=11111111011111110111111111111111, sa_flags=SA_ONSTACK|SA_RESTART|SA_SIGINFO
SIGBUS: [libjvm.dylib+0x736202], sa_mask[0]=11111111011111110111111111111111, sa_flags=SA_RESTART|SA_SIGINFO
SIGFPE: [libjvm.dylib+0x736202], sa_mask[0]=11111111011111110111111111111111, sa_flags=SA_RESTART|SA_SIGINFO
SIGPIPE: [libjvm.dylib+0x5ddc76], sa_mask[0]=11111111011111110111111111111111, sa_flags=SA_RESTART|SA_SIGINFO
SIGXFSZ: [libjvm.dylib+0x5ddc76], sa_mask[0]=11111111011111110111111111111111, sa_flags=SA_RESTART|SA_SIGINFO
SIGILL: [libjvm.dylib+0x736202], sa_mask[0]=11111111011111110111111111111111, sa_flags=SA_RESTART|SA_SIGINFO
SIGUSR2: [libjvm.dylib+0x5de25b], sa_mask[0]=00100000000000000000000000000000, sa_flags=SA_RESTART|SA_SIGINFO
SIGHUP: [libjvm.dylib+0x5dcf1b], sa_mask[0]=11111111011111110111111111111111, sa_flags=SA_RESTART|SA_SIGINFO
SIGINT: [libjvm.dylib+0x5dcf1b], sa_mask[0]=11111111011111110111111111111111, sa_flags=SA_RESTART|SA_SIGINFO
SIGTERM: [libjvm.dylib+0x5dcf1b], sa_mask[0]=11111111011111110111111111111111, sa_flags=SA_RESTART|SA_SIGINFO
SIGQUIT: [libjvm.dylib+0x5dcf1b], sa_mask[0]=11111111011111110111111111111111, sa_flags=SA_RESTART|SA_SIGINFO


---------------  S Y S T E M  ---------------

OS:uname:Darwin 19.0.0 Darwin Kernel Version 19.0.0: Thu Oct 17 16:17:15 PDT 2019; root:xnu-6153.41.3~29/RELEASE_X86_64 x86_64
rlimit: STACK 8192k, CORE 0k, NPROC 1392, NOFILE 10240, AS infinity, DATA infinity, FSIZE infinity
load average:2.05 1.73 1.41

CPU:total 8 (initial active 8) (4 cores per cpu, 2 threads per core) family 6 model 142 stepping 10, cmov, cx8, fxsr, mmx, sse, sse2, sse3, ssse3, sse4.1, sse4.2, popcnt, avx, avx2, aes, clmul, erms, 3dnowpref, lzcnt, ht, tsc, tscinvbit, bmi1, bmi2, adx, fma

Memory: 4k page, physical 8388608k(88668k free)

vm_info: Java HotSpot(TM) 64-Bit Server VM (12.0.1+12) for bsd-amd64 JRE (12.0.1+12), built on Apr  2 2019 08:17:12 by "mach5one" with gcc 4.2.1 Compatible Apple LLVM 9.1.0 (clang-902.0.39.2)

END.
